<?xml version="1.0" encoding="UTF-8"?>
<testng-results ignored="0" total="1" passed="1" failed="0" skipped="0">
  <reporter-output>
  </reporter-output>
  <suite started-at="2024-01-15T19:14:40 IST" name="Default suite" finished-at="2024-01-15T19:15:15 IST" duration-ms="35591">
    <groups>
    </groups>
    <test started-at="2024-01-15T19:14:40 IST" name="Default test" finished-at="2024-01-15T19:15:15 IST" duration-ms="35591">
      <class name="cawstudios.Assignment">
        <test-method signature="Test()[pri:0, instance:cawstudios.Assignment@4f80542f]" started-at="2024-01-15T19:14:40 IST" name="Test" finished-at="2024-01-15T19:15:15 IST" duration-ms="35532" status="PASS">
          <reporter-output>
          </reporter-output>
        </test-method> <!-- Test -->
      </class> <!-- cawstudios.Assignment -->
    </test> <!-- Default test -->
  </suite> <!-- Default suite -->
</testng-results>
